


ARM Macro Assembler    Page 1 


    1 00000000                 AREA             ARMex, CODE, READONLY
    2 00000000                 ENTRY
    3 00000000         start
    4 00000000 E3A00001        mov              r0,#1       ;insert each value 
                                                            into each register
    5 00000004 E3A01002        mov              r1,#2
    6 00000008 E3A02003        mov              r2,#3
    7 0000000C E3A03004        mov              r3,#4
    8 00000010         
    9 00000010 E59F402C        ldr              r4,TEMP     ; insert memory's s
                                                            tarting address int
                                                            o register 4
   10 00000014 E1A07004        mov              r7,r4       ; save register4's 
                                                            value into register
                                                             7
   11 00000018         
   12 00000018 E4C40001        STRB             r0, [r4], #1 ; save r0~r3's val
                                                            ue into memory
   13 0000001C E4C41001        STRB             r1, [r4], #1
   14 00000020 E4C42001        STRB             r2, [r4], #1
   15 00000024 E5C43000        STRB             r3, [r4]
   16 00000028         
   17 00000028 E5975000        ldr              r5, [r7]    ; little - endian t
                                                            ype 
   18 0000002C         
   19 0000002C E1A04007        mov              r4, r7      ;initializing start
                                                            ing address
   20 00000030 E4C43001        STRB             r3, [r4], #1 ; save r0~r3's val
                                                            ue into memory
   21 00000034 E4C42001        STRB             r2, [r4], #1
   22 00000038 E4C41001        STRB             r1, [r4], #1
   23 0000003C E5C40000        STRB             r0, [r4]
   24 00000040 E5976000        ldr              r6, [r7]    ; big - endian type
                                                             
   25 00000044 00001000 
                       TEMP    &                &00001000
   26 00000048 E1A0F00E        mov              pc,lr
   27 0000004C                 end
Command Line: --debug --xref --diag_suppress=9931 --cpu=ARM9E --apcs=interwork 
--depend=.\objects\problem2.d -o.\objects\problem2.o -IC:\Keil_v5\ARM\RV31\INC 
-IC:\Keil_v5\ARM\CMSIS\Include --predefine="__EVAL SETA 1" --predefine="__UVISI
ON_VERSION SETA 521" --list=.\listings\problem2.lst Problem2.s



ARM Macro Assembler    Page 1 Alphabetic symbol ordering
Relocatable symbols

ARMex 00000000

Symbol: ARMex
   Definitions
      At line 1 in file Problem2.s
   Uses
      None
Comment: ARMex unused
TEMP 00000044

Symbol: TEMP
   Definitions
      At line 25 in file Problem2.s
   Uses
      At line 9 in file Problem2.s
Comment: TEMP used once
start 00000000

Symbol: start
   Definitions
      At line 3 in file Problem2.s
   Uses
      None
Comment: start unused
3 symbols
335 symbols in table
