


ARM Macro Assembler    Page 1 


    1 00000000                 AREA             ARMex, CODE, READONLY
    2 00000000                 ENTRY
    3 00000000         start
    4 00000000 E3A00001        MOV              r0, #1      ; r0 =1
    5 00000004 E59F501C        LDR              r5, TEMP
    6 00000008         loop
    7 00000008 E2801001        ADD              r1,r0,#1    ;r1 = r0 +1
    8 0000000C E350000A        CMP              r0, #10     ; r0°¡ 10ÀÎ°¡?
    9 00000010 12800001        ADDNE            r0, r0,#1   ; ¾Æ´Ï¸é r0¿¡ 1À» ´
                                                            õÇÔ
   10 00000014 1AFFFFFB        BNE              loop        ; ¾Æ´Ï¸é loop·Î Á¡Ç
                                                            Á
   11 00000018         
   12 00000018 E0020190        MUL              r2, r0, r1  ; ¸Â´Ù¸é r2 = r0*r1
                                                            
   13 0000001C E1A020A2        MOV              r2, r2, LSR #1 ; r2 =r2/2 (ºñÆ®
                                                            ¸¦ ¿À¸¥ÂÊÀ¸·Î ÇÑÄ­ 
                                                            ¿Å±èÀ¸·Î½á 2·Î ³ª´²
                                                            Áø °ªÀ» ¹ÝÈ¯)
   14 00000020 E5852000        STR              r2, [r5]
   15 00000024         
   16 00000024 E1A0F00E        mov              pc,lr
   17 00000028 40000000 
                       TEMP    DCD              &40000000
   18 0000002C                 END
Command Line: --debug --xref --diag_suppress=9931 --cpu=ARM9E --apcs=interwork 
--depend=.\objects\problem3_2.d -o.\objects\problem3_2.o -IC:\Keil_v5\ARM\RV31\
INC -IC:\Keil_v5\ARM\CMSIS\Include --predefine="__EVAL SETA 1" --predefine="__U
VISION_VERSION SETA 521" --list=.\listings\problem3_2.lst problem3_2.s



ARM Macro Assembler    Page 1 Alphabetic symbol ordering
Relocatable symbols

ARMex 00000000

Symbol: ARMex
   Definitions
      At line 1 in file problem3_2.s
   Uses
      None
Comment: ARMex unused
TEMP 00000028

Symbol: TEMP
   Definitions
      At line 17 in file problem3_2.s
   Uses
      At line 5 in file problem3_2.s
Comment: TEMP used once
loop 00000008

Symbol: loop
   Definitions
      At line 6 in file problem3_2.s
   Uses
      At line 10 in file problem3_2.s
Comment: loop used once
start 00000000

Symbol: start
   Definitions
      At line 3 in file problem3_2.s
   Uses
      None
Comment: start unused
4 symbols
336 symbols in table
