


ARM Macro Assembler    Page 1 


    1 00000000                 AREA             ARMex,CODE,READONLY
    2 00000000                 ENTRY
    3 00000000         
    4 00000000         start
    5 00000000 E59F4058        LDR              r4,temp
    6 00000004 E3A03001        mov              r3, #1      ; 1!
    7 00000008 E4843004        STR              r3, [r4], #4
    8 0000000C E1A00083        mov              r0, r3, LSL #1 ; 2!
    9 00000010 E4840004        STR              r0, [r4], #4
   10 00000014 E0801080        ADD              r1, r0,r0, LSL #1 ; 3!
   11 00000018 E4841004        STR              r1, [r4], #4
   12 0000001C E1A00101        MOV              r0, r1, LSL #2 ; 4!
   13 00000020 E4840004        STR              r0, [r4], #4
   14 00000024 E0801100        ADD              r1, r0,r0, LSL #2 ; 5!
   15 00000028 E4841004        STR              r1, [r4], #4
   16 0000002C E1A02081        MOV              r2, r1, LSL #1 ; 2*5!
   17 00000030 E0820101        ADD              r0, r2, r1, LSL #2 
                                                            ; 2*5! + 4*5!  ->6!
                                                            
   18 00000034 E4840004        STR              r0, [r4], #4
   19 00000038 E0601180        RSB              r1, r0, r0, LSL #3 ; 7!
   20 0000003C E4841004        STR              r1, [r4], #4
   21 00000040 E1A00181        MOV              r0, r1, LSL #3 ; 8!
   22 00000044 E4840004        STR              r0, [r4], #4
   23 00000048 E0801180        ADD              r1, r0, r0, LSL #3 ; 9!
   24 0000004C E4841004        STR              r1, [r4], #4
   25 00000050 E1A02081        MOV              r2, r1, LSL #1 ;    ; 2*9!
   26 00000054 E0820181        ADD              r0, r2, r1, LSL #3 ;; 8*9! + 2*
                                                            9! ->10!
   27 00000058 E4840004        STR              r0, [r4], #4
   28 0000005C E1A0F00E        mov              pc,lr
   29 00000060 00040000 
                       temp    DCD              &40000
   30 00000064                 END
Command Line: --debug --xref --diag_suppress=9931 --cpu=ARM9E --apcs=interwork 
--depend=.\objects\second.d -o.\objects\second.o -IC:\Keil_v5\ARM\RV31\INC -IC:
\Keil_v5\ARM\CMSIS\Include --predefine="__EVAL SETA 1" --predefine="__UVISION_V
ERSION SETA 521" --list=.\listings\second.lst second.s



ARM Macro Assembler    Page 1 Alphabetic symbol ordering
Relocatable symbols

ARMex 00000000

Symbol: ARMex
   Definitions
      At line 1 in file second.s
   Uses
      None
Comment: ARMex unused
start 00000000

Symbol: start
   Definitions
      At line 4 in file second.s
   Uses
      None
Comment: start unused
temp 00000060

Symbol: temp
   Definitions
      At line 29 in file second.s
   Uses
      At line 5 in file second.s
Comment: temp used once
3 symbols
335 symbols in table
