


ARM Macro Assembler    Page 1 


    1 00000000                 AREA             ARMex, CODE, READONLY
    2 00000000                 ENTRY
    3 00000000         start
    4 00000000 E3A00001        mov              r0, #1      ; r0 =1
    5 00000004 E59F2050        ldr              r2, TEMP
    6 00000008 E0811000        ADD              r1, r1, r0  ; r1 =1
    7 0000000C E2800001        ADD              r0, r0, #1  ; r0 =2
    8 00000010 E0811000        ADD              r1, r1, r0  ; r1 =3
    9 00000014 E2800001        ADD              r0, r0, #1  ; r0 =3
   10 00000018 E0811000        ADD              r1, r1, r0  ; r1 =6
   11 0000001C E2800001        ADD              r0, r0, #1  ; r0 =4
   12 00000020 E0811000        ADD              r1, r1, r0  ; r1 =10
   13 00000024 E2800001        ADD              r0, r0, #1  ; r0 =5
   14 00000028 E0811000        ADD              r1, r1, r0  ; r1 =15
   15 0000002C E2800001        ADD              r0, r0, #1  ; r0 =6
   16 00000030 E0811000        ADD              r1, r1, r0  ; r1 =21
   17 00000034 E2800001        ADD              r0, r0, #1  ; r0 =7
   18 00000038 E0811000        ADD              r1, r1, r0  ; r1 =28
   19 0000003C E2800001        ADD              r0, r0, #1  ; r0 =8
   20 00000040 E0811000        ADD              r1, r1, r0  ; r1 =36
   21 00000044 E2800001        ADD              r0, r0, #1  ; r0 =9
   22 00000048 E0811000        ADD              r1, r1, r0  ; r1 =45
   23 0000004C E2800001        ADD              r0, r0, #1  ; r0 =10
   24 00000050 E0811000        ADD              r1, r1, r0  ; r1 =55
   25 00000054         
   26 00000054 E1C210B0        STRH             r1, [r2]
   27 00000058 E1A0F00E        mov              pc, lr
   28 0000005C 40000000 
                       TEMP    DCD              &40000000
   29 00000060                 END
Command Line: --debug --xref --diag_suppress=9931 --cpu=ARM9E --apcs=interwork 
--depend=.\objects\problem3_3.d -o.\objects\problem3_3.o -IC:\Keil_v5\ARM\RV31\
INC -IC:\Keil_v5\ARM\CMSIS\Include --predefine="__EVAL SETA 1" --predefine="__U
VISION_VERSION SETA 521" --list=.\listings\problem3_3.lst problem3_3.s



ARM Macro Assembler    Page 1 Alphabetic symbol ordering
Relocatable symbols

ARMex 00000000

Symbol: ARMex
   Definitions
      At line 1 in file problem3_3.s
   Uses
      None
Comment: ARMex unused
TEMP 0000005C

Symbol: TEMP
   Definitions
      At line 28 in file problem3_3.s
   Uses
      At line 5 in file problem3_3.s
Comment: TEMP used once
start 00000000

Symbol: start
   Definitions
      At line 3 in file problem3_3.s
   Uses
      None
Comment: start unused
3 symbols
335 symbols in table
